<?xml version="1.0" encoding="UTF-8"?>
<!-- Generated by org.testng.reporters.JUnitReportReporter -->
<testsuite skipped="0" hostname="DESKTOP-J79O4OK" name="Test.EvamSoftware" tests="1" failures="0" timestamp="2019-10-30T14:34:22 EET" time="120.115" errors="0">
  <testcase name="test" time="120.115" classname="Test.EvamSoftware"/>
</testsuite> <!-- Test.EvamSoftware -->
